INFO [6970] - 08/25/21 17:41:50 - 0:00:00 - ========== Running DOOM ==========
INFO [6970] - 08/25/21 17:41:50 - 0:00:00 - Experiment will be saved in: /media/agi/Disk/Microsoft_PR/Arnold/dumped/new_train/2knzcknltn
INFO [6970] - 08/25/21 17:41:50 - 0:00:00 - scenario: deathmatch
                                            map_ids_train: [1]
                                            map_ids_test: [1]
                                            freedoom: True
                                            height: 60
                                            width: 108
                                            gray: False
                                            use_screen_buffer: True
                                            use_depth_buffer: False
                                            labels_mapping: 0
                                            game_features: 
                                            render_hud: False
                                            render_crosshair: True
                                            render_weapon: True
                                            hist_size: 4
                                            frame_skip: 2
                                            action_combinations: turn_lr+attack
                                            freelook: False
                                            speed: off
                                            crouch: off
                                            manual_control: False
                                            players_per_game: 1
                                            player_rank: 0
                                            dump_path: /media/agi/Disk/Microsoft_PR/Arnold/dumped/new_train/2knzcknltn
                                            visualize: False
                                            evaluate: 0
                                            human_player: False
                                            reload: 
                                            dump_freq: 0
                                            gpu_id: -1
                                            log_frequency: 100
                                            network_type: dqn_ff
                                            use_bn: False
                                            batch_size: 32
                                            replay_memory_size: 100000
                                            start_decay: 0
                                            stop_decay: 1000000
                                            final_decay: 0.1
                                            gamma: 0.99
                                            dueling_network: False
                                            recurrence: 
                                            clip_delta: 1.0
                                            variable_dim: [32, 32]
                                            bucket_size: [1, 1]
                                            hidden_dim: 512
                                            update_frequency: 4
                                            dropout: 0.0
                                            optimizer: rmsprop,lr=0.0002
                                            wad: 
                                            n_bots: 8
                                            reward_values: 
                                            randomize_textures: False
                                            init_bots_health: 100
                                            game_variables: [('health', 101), ('sel_ammo', 301)]
                                            n_variables: 2
                                            n_features: 0
                                            n_fm: 4
                                            use_continuous: False
                                            episode_time: None
                                            eval_freq: 20000
                                            eval_time: 900
INFO [6970] - 08/25/21 17:41:50 - 0:00:00 - 9 available buttons: ['MOVE_FORWARD', 'MOVE_BACKWARD', 'TURN_LEFT', 'TURN_RIGHT', 'MOVE_LEFT', 'MOVE_RIGHT', 'ATTACK', 'SPEED', 'CROUCH']
INFO [6970] - 08/25/21 17:41:50 - 0:00:00 - 3 available actions:
                                            ['TURN_LEFT']
                                            ['TURN_RIGHT']
                                            ['ATTACK']
